<?xml version="1.0" encoding="UTF-8"?>
<testsuite name="TestOffByOne" tests="1" skipped="0" failures="0" errors="0" timestamp="2024-10-17T16:53:47" hostname="Chunyas-MacBook-Air.local" time="0.024">
  <properties/>
  <testcase name="testEqualChars()" classname="TestOffByOne" time="0.024"/>
  <system-out><![CDATA[]]></system-out>
  <system-err><![CDATA[]]></system-err>
</testsuite>
